2020-06-17 23:52:57.863 [main] INFO  com.bjsxt.JpaApplication - Starting JpaApplication on MSI with PID 12972 (D:\FileWorkspace\eclipse_workspace\SpringBootBTest\SpringBootJPA\target\classes started by lqk in D:\FileWorkspace\eclipse_workspace\SpringBootBTest\SpringBootJPA)
2020-06-17 23:52:57.868 [main] INFO  com.bjsxt.JpaApplication - No active profile set, falling back to default profiles: default
2020-06-17 23:52:58.004 [background-preinit] INFO  org.hibernate.validator.internal.util.Version - HV000001: Hibernate Validator 5.3.6.Final
2020-06-17 23:52:58.051 [main] INFO  o.s.b.c.e.AnnotationConfigEmbeddedWebApplicationContext - Refreshing org.springframework.boot.context.embedded.AnnotationConfigEmbeddedWebApplicationContext@7e6ef134: startup date [Wed Jun 17 23:52:58 GMT+08:00 2020]; root of context hierarchy
2020-06-17 23:52:59.726 [main] INFO  o.s.b.c.e.tomcat.TomcatEmbeddedServletContainer - Tomcat initialized with port(s): 15021 (http)
2020-06-17 23:52:59.733 [main] INFO  org.apache.catalina.core.StandardService - Starting service [Tomcat]
2020-06-17 23:52:59.734 [main] INFO  org.apache.catalina.core.StandardEngine - Starting Servlet Engine: Apache Tomcat/8.5.23
2020-06-17 23:52:59.921 [localhost-startStop-1] INFO  o.a.c.core.ContainerBase.[Tomcat].[localhost].[/] - Initializing Spring embedded WebApplicationContext
2020-06-17 23:52:59.921 [localhost-startStop-1] INFO  org.springframework.web.context.ContextLoader - Root WebApplicationContext: initialization completed in 1870 ms
2020-06-17 23:53:00.089 [localhost-startStop-1] INFO  o.s.boot.web.servlet.ServletRegistrationBean - Mapping servlet: 'dispatcherServlet' to [/]
2020-06-17 23:53:00.095 [localhost-startStop-1] INFO  o.s.boot.web.servlet.FilterRegistrationBean - Mapping filter: 'characterEncodingFilter' to: [/*]
2020-06-17 23:53:00.095 [localhost-startStop-1] INFO  o.s.boot.web.servlet.FilterRegistrationBean - Mapping filter: 'hiddenHttpMethodFilter' to: [/*]
2020-06-17 23:53:00.095 [localhost-startStop-1] INFO  o.s.boot.web.servlet.FilterRegistrationBean - Mapping filter: 'httpPutFormContentFilter' to: [/*]
2020-06-17 23:53:00.095 [localhost-startStop-1] INFO  o.s.boot.web.servlet.FilterRegistrationBean - Mapping filter: 'requestContextFilter' to: [/*]
2020-06-17 23:53:05.358 [main] INFO  o.s.orm.jpa.LocalContainerEntityManagerFactoryBean - Building JPA container EntityManagerFactory for persistence unit 'default'
2020-06-17 23:53:05.369 [main] INFO  org.hibernate.jpa.internal.util.LogHelper - HHH000204: Processing PersistenceUnitInfo [
	name: default
	...]
2020-06-17 23:53:05.457 [main] INFO  org.hibernate.Version - HHH000412: Hibernate Core {5.0.12.Final}
2020-06-17 23:53:05.458 [main] INFO  org.hibernate.cfg.Environment - HHH000206: hibernate.properties not found
2020-06-17 23:53:05.459 [main] INFO  org.hibernate.cfg.Environment - HHH000021: Bytecode provider name : javassist
2020-06-17 23:53:05.503 [main] INFO  org.hibernate.annotations.common.Version - HCANN000001: Hibernate Commons Annotations {5.0.1.Final}
2020-06-17 23:53:05.810 [main] INFO  org.hibernate.dialect.Dialect - HHH000400: Using dialect: org.hibernate.dialect.PostgreSQLDialect
2020-06-17 23:53:05.952 [main] INFO  o.h.engine.jdbc.env.internal.LobCreatorBuilderImpl - HHH000424: Disabling contextual LOB creation as createClob() method threw error : java.lang.reflect.InvocationTargetException
2020-06-17 23:53:05.958 [main] INFO  org.hibernate.type.BasicTypeRegistry - HHH000270: Type registration [java.util.UUID] overrides previous : org.hibernate.type.UUIDBinaryType@10e56da9
2020-06-17 23:53:06.150 [main] WARN  org.hibernate.orm.deprecation - HHH90000014: Found use of deprecated [org.hibernate.id.SequenceHiLoGenerator] sequence-based id generator; use org.hibernate.id.enhanced.SequenceStyleGenerator instead.  See Hibernate Domain Model Mapping Guide for details.
2020-06-17 23:53:06.153 [main] WARN  org.hibernate.orm.deprecation - HHH90000014: Found use of deprecated [org.hibernate.id.SequenceHiLoGenerator] sequence-based id generator; use org.hibernate.id.enhanced.SequenceStyleGenerator instead.  See Hibernate Domain Model Mapping Guide for details.
2020-06-17 23:53:06.153 [main] WARN  org.hibernate.orm.deprecation - HHH90000014: Found use of deprecated [org.hibernate.id.SequenceHiLoGenerator] sequence-based id generator; use org.hibernate.id.enhanced.SequenceStyleGenerator instead.  See Hibernate Domain Model Mapping Guide for details.
2020-06-17 23:53:06.160 [main] WARN  org.hibernate.orm.deprecation - HHH90000014: Found use of deprecated [org.hibernate.id.SequenceHiLoGenerator] sequence-based id generator; use org.hibernate.id.enhanced.SequenceStyleGenerator instead.  See Hibernate Domain Model Mapping Guide for details.
2020-06-17 23:53:06.440 [main] INFO  o.s.orm.jpa.LocalContainerEntityManagerFactoryBean - Initialized JPA EntityManagerFactory for persistence unit 'default'
2020-06-17 23:53:07.041 [main] INFO  o.h.hql.internal.QueryTranslatorFactoryInitiator - HHH000397: Using ASTQueryTranslatorFactory
2020-06-17 23:53:07.126 [main] WARN  org.hibernate.hql.internal.ast.HqlSqlWalker - [DEPRECATION] Encountered positional parameter near line 1, column 40 in HQL: [from com.bjsxt.pojo.Users where name = ?].  Positional parameter are considered deprecated; use named parameters or JPA-style positional parameters instead.
2020-06-17 23:53:07.131 [main] WARN  org.hibernate.hql.internal.ast.HqlSqlWalker - [DEPRECATION] Encountered positional parameter near line 1, column 41 in HQL: [update com.bjsxt.pojo.Users set name  = ? where id  = ?].  Positional parameter are considered deprecated; use named parameters or JPA-style positional parameters instead.
2020-06-17 23:53:07.132 [main] WARN  org.hibernate.hql.internal.ast.HqlSqlWalker - [DEPRECATION] Encountered positional parameter near line 1, column 55 in HQL: [update com.bjsxt.pojo.Users set name  = ? where id  = ?].  Positional parameter are considered deprecated; use named parameters or JPA-style positional parameters instead.
2020-06-17 23:53:07.211 [main] INFO  o.s.w.s.m.m.a.RequestMappingHandlerAdapter - Looking for @ControllerAdvice: org.springframework.boot.context.embedded.AnnotationConfigEmbeddedWebApplicationContext@7e6ef134: startup date [Wed Jun 17 23:52:58 GMT+08:00 2020]; root of context hierarchy
2020-06-17 23:53:07.278 [main] INFO  o.s.w.s.m.m.a.RequestMappingHandlerMapping - Mapped "{[/export/exportWordFile]}" onto public java.lang.String com.bjsxt.api.ExportApi.exportWordFile()
2020-06-17 23:53:07.280 [main] INFO  o.s.w.s.m.m.a.RequestMappingHandlerMapping - Mapped "{[/getUserTest],methods=[GET]}" onto public java.lang.String com.bjsxt.api.RiskValidateApi.getUserTest(java.lang.String,int)
2020-06-17 23:53:07.281 [main] INFO  o.s.w.s.m.m.a.RequestMappingHandlerMapping - Mapped "{[/getUser],methods=[POST]}" onto public java.lang.String com.bjsxt.api.RiskValidateApi.getUserStr(com.bjsxt.vo.RiskRequestVo,org.springframework.validation.BindingResult)
2020-06-17 23:53:07.281 [main] INFO  o.s.w.s.m.m.a.RequestMappingHandlerMapping - Mapped "{[/getUser],methods=[GET]}" onto public java.lang.String com.bjsxt.api.RiskValidateApi.getUserStr(java.lang.String,int)
2020-06-17 23:53:07.281 [main] INFO  o.s.w.s.m.m.a.RequestMappingHandlerMapping - Mapped "{[/setUser],methods=[POST]}" onto public java.lang.String com.bjsxt.api.RiskValidateApi.setUser(com.bjsxt.vo.RiskRequestVo,org.springframework.validation.BindingResult)
2020-06-17 23:53:07.281 [main] INFO  o.s.w.s.m.m.a.RequestMappingHandlerMapping - Mapped "{[/setUserTest],methods=[POST]}" onto public java.lang.String com.bjsxt.api.RiskValidateApi.setUserTest(com.bjsxt.vo.RiskRequestVo)
2020-06-17 23:53:07.282 [main] INFO  o.s.w.s.m.m.a.RequestMappingHandlerMapping - Mapped "{[/test/update],methods=[GET]}" onto public java.lang.String com.bjsxt.api.TestAPi.update()
2020-06-17 23:53:07.282 [main] INFO  o.s.w.s.m.m.a.RequestMappingHandlerMapping - Mapped "{[/test/delete/{id}],methods=[GET]}" onto public java.lang.String com.bjsxt.api.TestAPi.delete(java.lang.String)
2020-06-17 23:53:07.282 [main] INFO  o.s.w.s.m.m.a.RequestMappingHandlerMapping - Mapped "{[/test/insert],methods=[GET]}" onto public java.lang.String com.bjsxt.api.TestAPi.insert()
2020-06-17 23:53:07.282 [main] INFO  o.s.w.s.m.m.a.RequestMappingHandlerMapping - Mapped "{[/test/test],methods=[POST]}" onto public com.bjsxt.vo.AjaxResult com.bjsxt.api.TestAPi.test(com.bjsxt.vo.RiskRequestVo,javax.servlet.http.HttpServletRequest)
2020-06-17 23:53:07.282 [main] INFO  o.s.w.s.m.m.a.RequestMappingHandlerMapping - Mapped "{[/test/hello],methods=[GET]}" onto public java.lang.String com.bjsxt.api.TestAPi.say()
2020-06-17 23:53:07.282 [main] INFO  o.s.w.s.m.m.a.RequestMappingHandlerMapping - Mapped "{[/test/insertTwoDiff],methods=[GET]}" onto public java.lang.String com.bjsxt.api.TestAPi.insertTwoDiff()
2020-06-17 23:53:07.282 [main] INFO  o.s.w.s.m.m.a.RequestMappingHandlerMapping - Mapped "{[/test/queryUser],methods=[GET]}" onto public java.lang.String com.bjsxt.api.TestAPi.queryUser()
2020-06-17 23:53:07.283 [main] INFO  o.s.w.s.m.m.a.RequestMappingHandlerMapping - Mapped "{[/error]}" onto public org.springframework.http.ResponseEntity<java.util.Map<java.lang.String, java.lang.Object>> org.springframework.boot.autoconfigure.web.BasicErrorController.error(javax.servlet.http.HttpServletRequest)
2020-06-17 23:53:07.284 [main] INFO  o.s.w.s.m.m.a.RequestMappingHandlerMapping - Mapped "{[/error],produces=[text/html]}" onto public org.springframework.web.servlet.ModelAndView org.springframework.boot.autoconfigure.web.BasicErrorController.errorHtml(javax.servlet.http.HttpServletRequest,javax.servlet.http.HttpServletResponse)
2020-06-17 23:53:07.310 [main] INFO  o.s.web.servlet.handler.SimpleUrlHandlerMapping - Mapped URL path [/webjars/**] onto handler of type [class org.springframework.web.servlet.resource.ResourceHttpRequestHandler]
2020-06-17 23:53:07.310 [main] INFO  o.s.web.servlet.handler.SimpleUrlHandlerMapping - Mapped URL path [/**] onto handler of type [class org.springframework.web.servlet.resource.ResourceHttpRequestHandler]
2020-06-17 23:53:07.323 [main] INFO  o.s.w.s.m.m.a.ExceptionHandlerExceptionResolver - Detected @ExceptionHandler methods in globalExceptionHandler
2020-06-17 23:53:07.345 [main] INFO  o.s.web.servlet.handler.SimpleUrlHandlerMapping - Mapped URL path [/**/favicon.ico] onto handler of type [class org.springframework.web.servlet.resource.ResourceHttpRequestHandler]
2020-06-17 23:53:07.394 [main] WARN  o.s.b.a.t.AbstractTemplateResolverConfiguration - Cannot find template location: classpath:/templates/ (please add some templates or check your Thymeleaf configuration)
2020-06-17 23:53:07.725 [main] INFO  o.s.ui.freemarker.SpringTemplateLoader - SpringTemplateLoader for FreeMarker: using resource loader [org.springframework.boot.context.embedded.AnnotationConfigEmbeddedWebApplicationContext@7e6ef134: startup date [Wed Jun 17 23:52:58 GMT+08:00 2020]; root of context hierarchy] and template loader path [classpath:/templates/]
2020-06-17 23:53:07.726 [main] INFO  o.s.w.servlet.view.freemarker.FreeMarkerConfigurer - ClassTemplateLoader for Spring macros added to FreeMarker configuration
2020-06-17 23:53:07.745 [main] WARN  o.s.b.a.freemarker.FreeMarkerAutoConfiguration - Cannot find template location(s): [classpath:/templates/] (please add some templates, check your FreeMarker configuration, or set spring.freemarker.checkTemplateLocation=false)
2020-06-17 23:53:07.960 [main] INFO  o.s.jmx.export.annotation.AnnotationMBeanExporter - Registering beans for JMX exposure on startup
2020-06-17 23:53:07.974 [main] INFO  org.apache.coyote.http11.Http11NioProtocol - Initializing ProtocolHandler ["http-nio-15021"]
2020-06-17 23:53:07.980 [main] INFO  org.apache.coyote.http11.Http11NioProtocol - Starting ProtocolHandler ["http-nio-15021"]
2020-06-17 23:53:07.986 [main] ERROR org.apache.coyote.http11.Http11NioProtocol - Failed to start end point associated with ProtocolHandler ["http-nio-15021"]
java.net.BindException: Address already in use: bind
	at sun.nio.ch.Net.bind0(Native Method)
	at sun.nio.ch.Net.bind(Net.java:433)
	at sun.nio.ch.Net.bind(Net.java:425)
	at sun.nio.ch.ServerSocketChannelImpl.bind(ServerSocketChannelImpl.java:223)
	at sun.nio.ch.ServerSocketAdaptor.bind(ServerSocketAdaptor.java:74)
	at org.apache.tomcat.util.net.NioEndpoint.bind(NioEndpoint.java:210)
	at org.apache.tomcat.util.net.AbstractEndpoint.start(AbstractEndpoint.java:990)
	at org.apache.coyote.AbstractProtocol.start(AbstractProtocol.java:635)
	at org.apache.catalina.connector.Connector.startInternal(Connector.java:1022)
	at org.apache.catalina.util.LifecycleBase.start(LifecycleBase.java:150)
	at org.apache.catalina.core.StandardService.addConnector(StandardService.java:225)
	at org.springframework.boot.context.embedded.tomcat.TomcatEmbeddedServletContainer.addPreviouslyRemovedConnectors(TomcatEmbeddedServletContainer.java:250)
	at org.springframework.boot.context.embedded.tomcat.TomcatEmbeddedServletContainer.start(TomcatEmbeddedServletContainer.java:193)
	at org.springframework.boot.context.embedded.EmbeddedWebApplicationContext.startEmbeddedServletContainer(EmbeddedWebApplicationContext.java:297)
	at org.springframework.boot.context.embedded.EmbeddedWebApplicationContext.finishRefresh(EmbeddedWebApplicationContext.java:145)
	at org.springframework.context.support.AbstractApplicationContext.refresh(AbstractApplicationContext.java:546)
	at org.springframework.boot.context.embedded.EmbeddedWebApplicationContext.refresh(EmbeddedWebApplicationContext.java:122)
	at org.springframework.boot.SpringApplication.refresh(SpringApplication.java:693)
	at org.springframework.boot.SpringApplication.refreshContext(SpringApplication.java:360)
	at org.springframework.boot.SpringApplication.run(SpringApplication.java:303)
	at org.springframework.boot.SpringApplication.run(SpringApplication.java:1118)
	at org.springframework.boot.SpringApplication.run(SpringApplication.java:1107)
	at com.bjsxt.JpaApplication.main(JpaApplication.java:12)
2020-06-17 23:53:07.987 [main] ERROR org.apache.catalina.core.StandardService - Failed to start connector [Connector[HTTP/1.1-15021]]
org.apache.catalina.LifecycleException: Failed to start component [Connector[HTTP/1.1-15021]]
	at org.apache.catalina.util.LifecycleBase.start(LifecycleBase.java:167)
	at org.apache.catalina.core.StandardService.addConnector(StandardService.java:225)
	at org.springframework.boot.context.embedded.tomcat.TomcatEmbeddedServletContainer.addPreviouslyRemovedConnectors(TomcatEmbeddedServletContainer.java:250)
	at org.springframework.boot.context.embedded.tomcat.TomcatEmbeddedServletContainer.start(TomcatEmbeddedServletContainer.java:193)
	at org.springframework.boot.context.embedded.EmbeddedWebApplicationContext.startEmbeddedServletContainer(EmbeddedWebApplicationContext.java:297)
	at org.springframework.boot.context.embedded.EmbeddedWebApplicationContext.finishRefresh(EmbeddedWebApplicationContext.java:145)
	at org.springframework.context.support.AbstractApplicationContext.refresh(AbstractApplicationContext.java:546)
	at org.springframework.boot.context.embedded.EmbeddedWebApplicationContext.refresh(EmbeddedWebApplicationContext.java:122)
	at org.springframework.boot.SpringApplication.refresh(SpringApplication.java:693)
	at org.springframework.boot.SpringApplication.refreshContext(SpringApplication.java:360)
	at org.springframework.boot.SpringApplication.run(SpringApplication.java:303)
	at org.springframework.boot.SpringApplication.run(SpringApplication.java:1118)
	at org.springframework.boot.SpringApplication.run(SpringApplication.java:1107)
	at com.bjsxt.JpaApplication.main(JpaApplication.java:12)
Caused by: org.apache.catalina.LifecycleException: service.getName(): "Tomcat";  Protocol handler start failed
	at org.apache.catalina.connector.Connector.startInternal(Connector.java:1031)
	at org.apache.catalina.util.LifecycleBase.start(LifecycleBase.java:150)
	... 13 common frames omitted
Caused by: java.net.BindException: Address already in use: bind
	at sun.nio.ch.Net.bind0(Native Method)
	at sun.nio.ch.Net.bind(Net.java:433)
	at sun.nio.ch.Net.bind(Net.java:425)
	at sun.nio.ch.ServerSocketChannelImpl.bind(ServerSocketChannelImpl.java:223)
	at sun.nio.ch.ServerSocketAdaptor.bind(ServerSocketAdaptor.java:74)
	at org.apache.tomcat.util.net.NioEndpoint.bind(NioEndpoint.java:210)
	at org.apache.tomcat.util.net.AbstractEndpoint.start(AbstractEndpoint.java:990)
	at org.apache.coyote.AbstractProtocol.start(AbstractProtocol.java:635)
	at org.apache.catalina.connector.Connector.startInternal(Connector.java:1022)
	... 14 common frames omitted
2020-06-17 23:53:07.991 [main] INFO  org.apache.coyote.http11.Http11NioProtocol - Pausing ProtocolHandler ["http-nio-15021"]
2020-06-17 23:53:07.991 [main] INFO  org.apache.catalina.core.StandardService - Stopping service [Tomcat]
2020-06-17 23:53:07.999 [main] INFO  org.apache.catalina.util.LifecycleBase - The stop() method was called on component [StandardServer[-1]] after stop() had already been called. The second call will be ignored.
2020-06-17 23:53:07.999 [main] INFO  org.apache.coyote.http11.Http11NioProtocol - Stopping ProtocolHandler ["http-nio-15021"]
2020-06-17 23:53:07.999 [main] INFO  org.apache.coyote.http11.Http11NioProtocol - Destroying ProtocolHandler ["http-nio-15021"]
2020-06-17 23:53:08.001 [main] INFO  o.s.b.a.l.AutoConfigurationReportLoggingInitializer - 

Error starting ApplicationContext. To display the auto-configuration report re-run your application with 'debug' enabled.
2020-06-17 23:53:08.006 [main] ERROR o.s.b.diagnostics.LoggingFailureAnalysisReporter - 

***************************
APPLICATION FAILED TO START
***************************

Description:

The Tomcat connector configured to listen on port 15021 failed to start. The port may already be in use or the connector may be misconfigured.

Action:

Verify the connector's configuration, identify and stop any process that's listening on port 15021, or configure this application to listen on another port.

2020-06-17 23:53:08.007 [main] INFO  o.s.b.c.e.AnnotationConfigEmbeddedWebApplicationContext - Closing org.springframework.boot.context.embedded.AnnotationConfigEmbeddedWebApplicationContext@7e6ef134: startup date [Wed Jun 17 23:52:58 GMT+08:00 2020]; root of context hierarchy
2020-06-17 23:53:08.008 [main] INFO  o.s.jmx.export.annotation.AnnotationMBeanExporter - Unregistering JMX-exposed beans on shutdown
2020-06-17 23:53:08.009 [main] INFO  o.s.orm.jpa.LocalContainerEntityManagerFactoryBean - Closing JPA EntityManagerFactory for persistence unit 'default'
2020-06-17 23:54:07.914 [main] INFO  com.bjsxt.JpaApplication - Starting JpaApplication on MSI with PID 12596 (D:\FileWorkspace\eclipse_workspace\SpringBootBTest\SpringBootJPA\target\classes started by lqk in D:\FileWorkspace\eclipse_workspace\SpringBootBTest\SpringBootJPA)
2020-06-17 23:54:07.918 [main] INFO  com.bjsxt.JpaApplication - No active profile set, falling back to default profiles: default
2020-06-17 23:54:08.014 [background-preinit] INFO  org.hibernate.validator.internal.util.Version - HV000001: Hibernate Validator 5.3.6.Final
2020-06-17 23:54:08.039 [main] INFO  o.s.b.c.e.AnnotationConfigEmbeddedWebApplicationContext - Refreshing org.springframework.boot.context.embedded.AnnotationConfigEmbeddedWebApplicationContext@7e6ef134: startup date [Wed Jun 17 23:54:08 GMT+08:00 2020]; root of context hierarchy
2020-06-17 23:54:09.016 [main] INFO  o.s.b.c.e.tomcat.TomcatEmbeddedServletContainer - Tomcat initialized with port(s): 15021 (http)
2020-06-17 23:54:09.021 [main] INFO  org.apache.catalina.core.StandardService - Starting service [Tomcat]
2020-06-17 23:54:09.022 [main] INFO  org.apache.catalina.core.StandardEngine - Starting Servlet Engine: Apache Tomcat/8.5.23
2020-06-17 23:54:09.151 [localhost-startStop-1] INFO  o.a.c.core.ContainerBase.[Tomcat].[localhost].[/] - Initializing Spring embedded WebApplicationContext
2020-06-17 23:54:09.151 [localhost-startStop-1] INFO  org.springframework.web.context.ContextLoader - Root WebApplicationContext: initialization completed in 1112 ms
2020-06-17 23:54:09.284 [localhost-startStop-1] INFO  o.s.boot.web.servlet.ServletRegistrationBean - Mapping servlet: 'dispatcherServlet' to [/]
2020-06-17 23:54:09.287 [localhost-startStop-1] INFO  o.s.boot.web.servlet.FilterRegistrationBean - Mapping filter: 'characterEncodingFilter' to: [/*]
2020-06-17 23:54:09.287 [localhost-startStop-1] INFO  o.s.boot.web.servlet.FilterRegistrationBean - Mapping filter: 'hiddenHttpMethodFilter' to: [/*]
2020-06-17 23:54:09.287 [localhost-startStop-1] INFO  o.s.boot.web.servlet.FilterRegistrationBean - Mapping filter: 'httpPutFormContentFilter' to: [/*]
2020-06-17 23:54:09.287 [localhost-startStop-1] INFO  o.s.boot.web.servlet.FilterRegistrationBean - Mapping filter: 'requestContextFilter' to: [/*]
2020-06-17 23:54:14.119 [main] INFO  o.s.orm.jpa.LocalContainerEntityManagerFactoryBean - Building JPA container EntityManagerFactory for persistence unit 'default'
2020-06-17 23:54:14.127 [main] INFO  org.hibernate.jpa.internal.util.LogHelper - HHH000204: Processing PersistenceUnitInfo [
	name: default
	...]
2020-06-17 23:54:14.182 [main] INFO  org.hibernate.Version - HHH000412: Hibernate Core {5.0.12.Final}
2020-06-17 23:54:14.183 [main] INFO  org.hibernate.cfg.Environment - HHH000206: hibernate.properties not found
2020-06-17 23:54:14.184 [main] INFO  org.hibernate.cfg.Environment - HHH000021: Bytecode provider name : javassist
2020-06-17 23:54:14.211 [main] INFO  org.hibernate.annotations.common.Version - HCANN000001: Hibernate Commons Annotations {5.0.1.Final}
2020-06-17 23:54:14.297 [main] INFO  org.hibernate.dialect.Dialect - HHH000400: Using dialect: org.hibernate.dialect.PostgreSQLDialect
2020-06-17 23:54:14.405 [main] INFO  o.h.engine.jdbc.env.internal.LobCreatorBuilderImpl - HHH000424: Disabling contextual LOB creation as createClob() method threw error : java.lang.reflect.InvocationTargetException
2020-06-17 23:54:14.406 [main] INFO  org.hibernate.type.BasicTypeRegistry - HHH000270: Type registration [java.util.UUID] overrides previous : org.hibernate.type.UUIDBinaryType@401317a0
2020-06-17 23:54:14.561 [main] WARN  org.hibernate.orm.deprecation - HHH90000014: Found use of deprecated [org.hibernate.id.SequenceHiLoGenerator] sequence-based id generator; use org.hibernate.id.enhanced.SequenceStyleGenerator instead.  See Hibernate Domain Model Mapping Guide for details.
2020-06-17 23:54:14.563 [main] WARN  org.hibernate.orm.deprecation - HHH90000014: Found use of deprecated [org.hibernate.id.SequenceHiLoGenerator] sequence-based id generator; use org.hibernate.id.enhanced.SequenceStyleGenerator instead.  See Hibernate Domain Model Mapping Guide for details.
2020-06-17 23:54:14.563 [main] WARN  org.hibernate.orm.deprecation - HHH90000014: Found use of deprecated [org.hibernate.id.SequenceHiLoGenerator] sequence-based id generator; use org.hibernate.id.enhanced.SequenceStyleGenerator instead.  See Hibernate Domain Model Mapping Guide for details.
2020-06-17 23:54:14.568 [main] WARN  org.hibernate.orm.deprecation - HHH90000014: Found use of deprecated [org.hibernate.id.SequenceHiLoGenerator] sequence-based id generator; use org.hibernate.id.enhanced.SequenceStyleGenerator instead.  See Hibernate Domain Model Mapping Guide for details.
2020-06-17 23:54:14.777 [main] INFO  o.s.orm.jpa.LocalContainerEntityManagerFactoryBean - Initialized JPA EntityManagerFactory for persistence unit 'default'
2020-06-17 23:54:15.307 [main] INFO  o.h.hql.internal.QueryTranslatorFactoryInitiator - HHH000397: Using ASTQueryTranslatorFactory
2020-06-17 23:54:15.365 [main] WARN  org.hibernate.hql.internal.ast.HqlSqlWalker - [DEPRECATION] Encountered positional parameter near line 1, column 40 in HQL: [from com.bjsxt.pojo.Users where name = ?].  Positional parameter are considered deprecated; use named parameters or JPA-style positional parameters instead.
2020-06-17 23:54:15.368 [main] WARN  org.hibernate.hql.internal.ast.HqlSqlWalker - [DEPRECATION] Encountered positional parameter near line 1, column 41 in HQL: [update com.bjsxt.pojo.Users set name  = ? where id  = ?].  Positional parameter are considered deprecated; use named parameters or JPA-style positional parameters instead.
2020-06-17 23:54:15.368 [main] WARN  org.hibernate.hql.internal.ast.HqlSqlWalker - [DEPRECATION] Encountered positional parameter near line 1, column 55 in HQL: [update com.bjsxt.pojo.Users set name  = ? where id  = ?].  Positional parameter are considered deprecated; use named parameters or JPA-style positional parameters instead.
2020-06-17 23:54:15.423 [main] INFO  o.s.w.s.m.m.a.RequestMappingHandlerAdapter - Looking for @ControllerAdvice: org.springframework.boot.context.embedded.AnnotationConfigEmbeddedWebApplicationContext@7e6ef134: startup date [Wed Jun 17 23:54:08 GMT+08:00 2020]; root of context hierarchy
2020-06-17 23:54:15.470 [main] INFO  o.s.w.s.m.m.a.RequestMappingHandlerMapping - Mapped "{[/export/exportWordFile]}" onto public java.lang.String com.bjsxt.api.ExportApi.exportWordFile()
2020-06-17 23:54:15.472 [main] INFO  o.s.w.s.m.m.a.RequestMappingHandlerMapping - Mapped "{[/getUserTest],methods=[GET]}" onto public java.lang.String com.bjsxt.api.RiskValidateApi.getUserTest(java.lang.String,int)
2020-06-17 23:54:15.473 [main] INFO  o.s.w.s.m.m.a.RequestMappingHandlerMapping - Mapped "{[/getUser],methods=[POST]}" onto public java.lang.String com.bjsxt.api.RiskValidateApi.getUserStr(com.bjsxt.vo.RiskRequestVo,org.springframework.validation.BindingResult)
2020-06-17 23:54:15.477 [main] INFO  o.s.w.s.m.m.a.RequestMappingHandlerMapping - Mapped "{[/getUser],methods=[GET]}" onto public java.lang.String com.bjsxt.api.RiskValidateApi.getUserStr(java.lang.String,int)
2020-06-17 23:54:15.478 [main] INFO  o.s.w.s.m.m.a.RequestMappingHandlerMapping - Mapped "{[/setUser],methods=[POST]}" onto public java.lang.String com.bjsxt.api.RiskValidateApi.setUser(com.bjsxt.vo.RiskRequestVo,org.springframework.validation.BindingResult)
2020-06-17 23:54:15.478 [main] INFO  o.s.w.s.m.m.a.RequestMappingHandlerMapping - Mapped "{[/setUserTest],methods=[POST]}" onto public java.lang.String com.bjsxt.api.RiskValidateApi.setUserTest(com.bjsxt.vo.RiskRequestVo)
2020-06-17 23:54:15.479 [main] INFO  o.s.w.s.m.m.a.RequestMappingHandlerMapping - Mapped "{[/test/update],methods=[GET]}" onto public java.lang.String com.bjsxt.api.TestAPi.update()
2020-06-17 23:54:15.479 [main] INFO  o.s.w.s.m.m.a.RequestMappingHandlerMapping - Mapped "{[/test/delete/{id}],methods=[GET]}" onto public java.lang.String com.bjsxt.api.TestAPi.delete(java.lang.String)
2020-06-17 23:54:15.479 [main] INFO  o.s.w.s.m.m.a.RequestMappingHandlerMapping - Mapped "{[/test/insert],methods=[GET]}" onto public java.lang.String com.bjsxt.api.TestAPi.insert()
2020-06-17 23:54:15.479 [main] INFO  o.s.w.s.m.m.a.RequestMappingHandlerMapping - Mapped "{[/test/test],methods=[POST]}" onto public com.bjsxt.vo.AjaxResult com.bjsxt.api.TestAPi.test(com.bjsxt.vo.RiskRequestVo,javax.servlet.http.HttpServletRequest)
2020-06-17 23:54:15.479 [main] INFO  o.s.w.s.m.m.a.RequestMappingHandlerMapping - Mapped "{[/test/queryUser],methods=[GET]}" onto public java.lang.String com.bjsxt.api.TestAPi.queryUser()
2020-06-17 23:54:15.479 [main] INFO  o.s.w.s.m.m.a.RequestMappingHandlerMapping - Mapped "{[/test/hello],methods=[GET]}" onto public java.lang.String com.bjsxt.api.TestAPi.say()
2020-06-17 23:54:15.479 [main] INFO  o.s.w.s.m.m.a.RequestMappingHandlerMapping - Mapped "{[/test/insertTwoDiff],methods=[GET]}" onto public java.lang.String com.bjsxt.api.TestAPi.insertTwoDiff()
2020-06-17 23:54:15.480 [main] INFO  o.s.w.s.m.m.a.RequestMappingHandlerMapping - Mapped "{[/error]}" onto public org.springframework.http.ResponseEntity<java.util.Map<java.lang.String, java.lang.Object>> org.springframework.boot.autoconfigure.web.BasicErrorController.error(javax.servlet.http.HttpServletRequest)
2020-06-17 23:54:15.481 [main] INFO  o.s.w.s.m.m.a.RequestMappingHandlerMapping - Mapped "{[/error],produces=[text/html]}" onto public org.springframework.web.servlet.ModelAndView org.springframework.boot.autoconfigure.web.BasicErrorController.errorHtml(javax.servlet.http.HttpServletRequest,javax.servlet.http.HttpServletResponse)
2020-06-17 23:54:15.504 [main] INFO  o.s.web.servlet.handler.SimpleUrlHandlerMapping - Mapped URL path [/webjars/**] onto handler of type [class org.springframework.web.servlet.resource.ResourceHttpRequestHandler]
2020-06-17 23:54:15.504 [main] INFO  o.s.web.servlet.handler.SimpleUrlHandlerMapping - Mapped URL path [/**] onto handler of type [class org.springframework.web.servlet.resource.ResourceHttpRequestHandler]
2020-06-17 23:54:15.517 [main] INFO  o.s.w.s.m.m.a.ExceptionHandlerExceptionResolver - Detected @ExceptionHandler methods in globalExceptionHandler
2020-06-17 23:54:15.535 [main] INFO  o.s.web.servlet.handler.SimpleUrlHandlerMapping - Mapped URL path [/**/favicon.ico] onto handler of type [class org.springframework.web.servlet.resource.ResourceHttpRequestHandler]
2020-06-17 23:54:15.580 [main] WARN  o.s.b.a.t.AbstractTemplateResolverConfiguration - Cannot find template location: classpath:/templates/ (please add some templates or check your Thymeleaf configuration)
2020-06-17 23:54:15.853 [main] INFO  o.s.ui.freemarker.SpringTemplateLoader - SpringTemplateLoader for FreeMarker: using resource loader [org.springframework.boot.context.embedded.AnnotationConfigEmbeddedWebApplicationContext@7e6ef134: startup date [Wed Jun 17 23:54:08 GMT+08:00 2020]; root of context hierarchy] and template loader path [classpath:/templates/]
2020-06-17 23:54:15.854 [main] INFO  o.s.w.servlet.view.freemarker.FreeMarkerConfigurer - ClassTemplateLoader for Spring macros added to FreeMarker configuration
2020-06-17 23:54:15.871 [main] WARN  o.s.b.a.freemarker.FreeMarkerAutoConfiguration - Cannot find template location(s): [classpath:/templates/] (please add some templates, check your FreeMarker configuration, or set spring.freemarker.checkTemplateLocation=false)
2020-06-17 23:54:16.072 [main] INFO  o.s.jmx.export.annotation.AnnotationMBeanExporter - Registering beans for JMX exposure on startup
2020-06-17 23:54:16.082 [main] INFO  org.apache.coyote.http11.Http11NioProtocol - Initializing ProtocolHandler ["http-nio-15021"]
2020-06-17 23:54:16.088 [main] INFO  org.apache.coyote.http11.Http11NioProtocol - Starting ProtocolHandler ["http-nio-15021"]
2020-06-17 23:54:16.102 [main] INFO  org.apache.tomcat.util.net.NioSelectorPool - Using a shared selector for servlet write/read
2020-06-17 23:54:16.115 [main] INFO  o.s.b.c.e.tomcat.TomcatEmbeddedServletContainer - Tomcat started on port(s): 15021 (http)
2020-06-17 23:54:16.119 [main] INFO  com.bjsxt.JpaApplication - Started JpaApplication in 8.383 seconds (JVM running for 9.23)
2020-06-17 23:54:55.296 [http-nio-15021-exec-2] INFO  o.a.c.core.ContainerBase.[Tomcat].[localhost].[/] - Initializing Spring FrameworkServlet 'dispatcherServlet'
2020-06-17 23:54:55.296 [http-nio-15021-exec-2] INFO  org.springframework.web.servlet.DispatcherServlet - FrameworkServlet 'dispatcherServlet': initialization started
2020-06-17 23:54:55.321 [http-nio-15021-exec-2] INFO  org.springframework.web.servlet.DispatcherServlet - FrameworkServlet 'dispatcherServlet': initialization completed in 25 ms
2020-06-17 23:55:53.316 [http-nio-15021-exec-4] INFO  com.bjsxt.common.exception.GlobalExceptionHandler - Restful Http请求发生异常...
2020-06-17 23:55:53.318 [http-nio-15021-exec-4] ERROR com.bjsxt.common.exception.GlobalExceptionHandler - 代码01：name 不能为空
java.lang.IllegalArgumentException: name 不能为空
	at org.springframework.util.Assert.hasText(Assert.java:181)
	at com.bjsxt.api.RiskValidateApi.getUserTest(RiskValidateApi.java:42)
	at sun.reflect.NativeMethodAccessorImpl.invoke0(Native Method)
	at sun.reflect.NativeMethodAccessorImpl.invoke(NativeMethodAccessorImpl.java:62)
	at sun.reflect.DelegatingMethodAccessorImpl.invoke(DelegatingMethodAccessorImpl.java:43)
	at java.lang.reflect.Method.invoke(Method.java:498)
	at org.springframework.web.method.support.InvocableHandlerMethod.doInvoke(InvocableHandlerMethod.java:205)
	at org.springframework.web.method.support.InvocableHandlerMethod.invokeForRequest(InvocableHandlerMethod.java:133)
	at org.springframework.web.servlet.mvc.method.annotation.ServletInvocableHandlerMethod.invokeAndHandle(ServletInvocableHandlerMethod.java:97)
	at org.springframework.web.servlet.mvc.method.annotation.RequestMappingHandlerAdapter.invokeHandlerMethod(RequestMappingHandlerAdapter.java:827)
	at org.springframework.web.servlet.mvc.method.annotation.RequestMappingHandlerAdapter.handleInternal(RequestMappingHandlerAdapter.java:738)
	at org.springframework.web.servlet.mvc.method.AbstractHandlerMethodAdapter.handle(AbstractHandlerMethodAdapter.java:85)
	at org.springframework.web.servlet.DispatcherServlet.doDispatch(DispatcherServlet.java:967)
	at org.springframework.web.servlet.DispatcherServlet.doService(DispatcherServlet.java:901)
	at org.springframework.web.servlet.FrameworkServlet.processRequest(FrameworkServlet.java:970)
	at org.springframework.web.servlet.FrameworkServlet.doGet(FrameworkServlet.java:861)
	at javax.servlet.http.HttpServlet.service(HttpServlet.java:635)
	at org.springframework.web.servlet.FrameworkServlet.service(FrameworkServlet.java:846)
	at javax.servlet.http.HttpServlet.service(HttpServlet.java:742)
	at org.apache.catalina.core.ApplicationFilterChain.internalDoFilter(ApplicationFilterChain.java:231)
	at org.apache.catalina.core.ApplicationFilterChain.doFilter(ApplicationFilterChain.java:166)
	at org.apache.tomcat.websocket.server.WsFilter.doFilter(WsFilter.java:52)
	at org.apache.catalina.core.ApplicationFilterChain.internalDoFilter(ApplicationFilterChain.java:193)
	at org.apache.catalina.core.ApplicationFilterChain.doFilter(ApplicationFilterChain.java:166)
	at org.springframework.web.filter.RequestContextFilter.doFilterInternal(RequestContextFilter.java:99)
	at org.springframework.web.filter.OncePerRequestFilter.doFilter(OncePerRequestFilter.java:107)
	at org.apache.catalina.core.ApplicationFilterChain.internalDoFilter(ApplicationFilterChain.java:193)
	at org.apache.catalina.core.ApplicationFilterChain.doFilter(ApplicationFilterChain.java:166)
	at org.springframework.web.filter.HttpPutFormContentFilter.doFilterInternal(HttpPutFormContentFilter.java:108)
	at org.springframework.web.filter.OncePerRequestFilter.doFilter(OncePerRequestFilter.java:107)
	at org.apache.catalina.core.ApplicationFilterChain.internalDoFilter(ApplicationFilterChain.java:193)
	at org.apache.catalina.core.ApplicationFilterChain.doFilter(ApplicationFilterChain.java:166)
	at org.springframework.web.filter.HiddenHttpMethodFilter.doFilterInternal(HiddenHttpMethodFilter.java:81)
	at org.springframework.web.filter.OncePerRequestFilter.doFilter(OncePerRequestFilter.java:107)
	at org.apache.catalina.core.ApplicationFilterChain.internalDoFilter(ApplicationFilterChain.java:193)
	at org.apache.catalina.core.ApplicationFilterChain.doFilter(ApplicationFilterChain.java:166)
	at org.springframework.web.filter.CharacterEncodingFilter.doFilterInternal(CharacterEncodingFilter.java:197)
	at org.springframework.web.filter.OncePerRequestFilter.doFilter(OncePerRequestFilter.java:107)
	at org.apache.catalina.core.ApplicationFilterChain.internalDoFilter(ApplicationFilterChain.java:193)
	at org.apache.catalina.core.ApplicationFilterChain.doFilter(ApplicationFilterChain.java:166)
	at org.apache.catalina.core.StandardWrapperValve.invoke(StandardWrapperValve.java:199)
	at org.apache.catalina.core.StandardContextValve.invoke(StandardContextValve.java:96)
	at org.apache.catalina.authenticator.AuthenticatorBase.invoke(AuthenticatorBase.java:478)
	at org.apache.catalina.core.StandardHostValve.invoke(StandardHostValve.java:140)
	at org.apache.catalina.valves.ErrorReportValve.invoke(ErrorReportValve.java:81)
	at org.apache.catalina.core.StandardEngineValve.invoke(StandardEngineValve.java:87)
	at org.apache.catalina.connector.CoyoteAdapter.service(CoyoteAdapter.java:342)
	at org.apache.coyote.http11.Http11Processor.service(Http11Processor.java:803)
	at org.apache.coyote.AbstractProcessorLight.process(AbstractProcessorLight.java:66)
	at org.apache.coyote.AbstractProtocol$ConnectionHandler.process(AbstractProtocol.java:868)
	at org.apache.tomcat.util.net.NioEndpoint$SocketProcessor.doRun(NioEndpoint.java:1459)
	at org.apache.tomcat.util.net.SocketProcessorBase.run(SocketProcessorBase.java:49)
	at java.util.concurrent.ThreadPoolExecutor.runWorker(ThreadPoolExecutor.java:1142)
	at java.util.concurrent.ThreadPoolExecutor$Worker.run(ThreadPoolExecutor.java:617)
	at org.apache.tomcat.util.threads.TaskThread$WrappingRunnable.run(TaskThread.java:61)
	at java.lang.Thread.run(Thread.java:745)
