2020-07-12 10:51:16.380 [main] INFO  com.example.JpaApplication - Starting JpaApplication on MSI with PID 18988 (D:\FileWorkspace\eclipse_workspace\SpringBootBTest\SpringBootJPA\target\classes started by lqk in D:\FileWorkspace\eclipse_workspace\SpringBootBTest\SpringBootJPA)
2020-07-12 10:51:16.386 [main] INFO  com.example.JpaApplication - No active profile set, falling back to default profiles: default
2020-07-12 10:51:16.497 [background-preinit] INFO  org.hibernate.validator.internal.util.Version - HV000001: Hibernate Validator 5.3.5.Final
2020-07-12 10:51:16.533 [main] INFO  o.s.b.c.e.AnnotationConfigEmbeddedWebApplicationContext - Refreshing org.springframework.boot.context.embedded.AnnotationConfigEmbeddedWebApplicationContext@2e1ef60: startup date [Sun Jul 12 10:51:16 GMT+08:00 2020]; root of context hierarchy
2020-07-12 10:51:17.253 [main] INFO  o.s.c.s.PostProcessorRegistrationDelegate$BeanPostProcessorChecker - Bean 'validatorConf' of type [com.example.common.valid.conf.ValidatorConf$$EnhancerBySpringCGLIB$$ac899622] is not eligible for getting processed by all BeanPostProcessors (for example: not eligible for auto-proxying)
2020-07-12 10:51:17.304 [main] INFO  o.s.c.s.PostProcessorRegistrationDelegate$BeanPostProcessorChecker - Bean 'validator' of type [org.hibernate.validator.internal.engine.ValidatorImpl] is not eligible for getting processed by all BeanPostProcessors (for example: not eligible for auto-proxying)
2020-07-12 10:51:17.601 [main] INFO  o.s.b.c.e.tomcat.TomcatEmbeddedServletContainer - Tomcat initialized with port(s): 15021 (http)
2020-07-12 10:51:17.608 [main] INFO  org.apache.catalina.core.StandardService - Starting service [Tomcat]
2020-07-12 10:51:17.608 [main] INFO  org.apache.catalina.core.StandardEngine - Starting Servlet Engine: Apache Tomcat/8.5.16
2020-07-12 10:51:17.765 [localhost-startStop-1] INFO  o.a.c.core.ContainerBase.[Tomcat].[localhost].[/] - Initializing Spring embedded WebApplicationContext
2020-07-12 10:51:17.765 [localhost-startStop-1] INFO  org.springframework.web.context.ContextLoader - Root WebApplicationContext: initialization completed in 1232 ms
2020-07-12 10:51:17.915 [localhost-startStop-1] INFO  o.s.boot.web.servlet.ServletRegistrationBean - Mapping servlet: 'dispatcherServlet' to [/]
2020-07-12 10:51:17.918 [localhost-startStop-1] INFO  o.s.boot.web.servlet.FilterRegistrationBean - Mapping filter: 'characterEncodingFilter' to: [/*]
2020-07-12 10:51:17.918 [localhost-startStop-1] INFO  o.s.boot.web.servlet.FilterRegistrationBean - Mapping filter: 'hiddenHttpMethodFilter' to: [/*]
2020-07-12 10:51:17.919 [localhost-startStop-1] INFO  o.s.boot.web.servlet.FilterRegistrationBean - Mapping filter: 'httpPutFormContentFilter' to: [/*]
2020-07-12 10:51:17.919 [localhost-startStop-1] INFO  o.s.boot.web.servlet.FilterRegistrationBean - Mapping filter: 'requestContextFilter' to: [/*]
2020-07-12 10:51:22.487 [main] INFO  o.s.orm.jpa.LocalContainerEntityManagerFactoryBean - Building JPA container EntityManagerFactory for persistence unit 'default'
2020-07-12 10:51:22.506 [main] INFO  org.hibernate.jpa.internal.util.LogHelper - HHH000204: Processing PersistenceUnitInfo [
	name: default
	...]
2020-07-12 10:51:22.556 [main] INFO  org.hibernate.Version - HHH000412: Hibernate Core {5.0.12.Final}
2020-07-12 10:51:22.557 [main] INFO  org.hibernate.cfg.Environment - HHH000206: hibernate.properties not found
2020-07-12 10:51:22.558 [main] INFO  org.hibernate.cfg.Environment - HHH000021: Bytecode provider name : javassist
2020-07-12 10:51:22.593 [main] INFO  org.hibernate.annotations.common.Version - HCANN000001: Hibernate Commons Annotations {5.0.1.Final}
2020-07-12 10:51:22.689 [main] INFO  org.hibernate.dialect.Dialect - HHH000400: Using dialect: org.hibernate.dialect.PostgreSQLDialect
2020-07-12 10:51:22.855 [main] INFO  o.h.engine.jdbc.env.internal.LobCreatorBuilderImpl - HHH000424: Disabling contextual LOB creation as createClob() method threw error : java.lang.reflect.InvocationTargetException
2020-07-12 10:51:22.856 [main] INFO  org.hibernate.type.BasicTypeRegistry - HHH000270: Type registration [java.util.UUID] overrides previous : org.hibernate.type.UUIDBinaryType@38c460e8
2020-07-12 10:51:23.030 [main] WARN  org.hibernate.orm.deprecation - HHH90000014: Found use of deprecated [org.hibernate.id.SequenceHiLoGenerator] sequence-based id generator; use org.hibernate.id.enhanced.SequenceStyleGenerator instead.  See Hibernate Domain Model Mapping Guide for details.
2020-07-12 10:51:23.031 [main] WARN  org.hibernate.orm.deprecation - HHH90000014: Found use of deprecated [org.hibernate.id.SequenceHiLoGenerator] sequence-based id generator; use org.hibernate.id.enhanced.SequenceStyleGenerator instead.  See Hibernate Domain Model Mapping Guide for details.
2020-07-12 10:51:23.032 [main] WARN  org.hibernate.orm.deprecation - HHH90000014: Found use of deprecated [org.hibernate.id.SequenceHiLoGenerator] sequence-based id generator; use org.hibernate.id.enhanced.SequenceStyleGenerator instead.  See Hibernate Domain Model Mapping Guide for details.
2020-07-12 10:51:23.032 [main] WARN  org.hibernate.orm.deprecation - HHH90000014: Found use of deprecated [org.hibernate.id.SequenceHiLoGenerator] sequence-based id generator; use org.hibernate.id.enhanced.SequenceStyleGenerator instead.  See Hibernate Domain Model Mapping Guide for details.
2020-07-12 10:51:23.282 [main] INFO  o.s.orm.jpa.LocalContainerEntityManagerFactoryBean - Initialized JPA EntityManagerFactory for persistence unit 'default'
2020-07-12 10:51:23.991 [main] INFO  o.h.hql.internal.QueryTranslatorFactoryInitiator - HHH000397: Using ASTQueryTranslatorFactory
2020-07-12 10:51:24.035 [main] WARN  org.hibernate.hql.internal.ast.HqlSqlWalker - [DEPRECATION] Encountered positional parameter near line 1, column 43 in HQL: [update com.example.pojo.Users set name  = ? where id  = ?].  Positional parameter are considered deprecated; use named parameters or JPA-style positional parameters instead.
2020-07-12 10:51:24.036 [main] WARN  org.hibernate.hql.internal.ast.HqlSqlWalker - [DEPRECATION] Encountered positional parameter near line 1, column 57 in HQL: [update com.example.pojo.Users set name  = ? where id  = ?].  Positional parameter are considered deprecated; use named parameters or JPA-style positional parameters instead.
2020-07-12 10:51:24.047 [main] WARN  org.hibernate.hql.internal.ast.HqlSqlWalker - [DEPRECATION] Encountered positional parameter near line 1, column 42 in HQL: [from com.example.pojo.Users where name = ?].  Positional parameter are considered deprecated; use named parameters or JPA-style positional parameters instead.
2020-07-12 10:51:24.165 [main] INFO  o.s.w.s.m.m.a.RequestMappingHandlerAdapter - Looking for @ControllerAdvice: org.springframework.boot.context.embedded.AnnotationConfigEmbeddedWebApplicationContext@2e1ef60: startup date [Sun Jul 12 10:51:16 GMT+08:00 2020]; root of context hierarchy
2020-07-12 10:51:24.218 [main] INFO  o.s.w.s.m.m.a.RequestMappingHandlerMapping - Mapped "{[/export/exportWordFile]}" onto public java.lang.String com.example.api.ExportApi.exportWordFile()
2020-07-12 10:51:24.220 [main] INFO  o.s.w.s.m.m.a.RequestMappingHandlerMapping - Mapped "{[/testHttpClient]}" onto public java.lang.Object com.example.api.RestTemplateApi.getUser(java.lang.String) throws java.io.IOException
2020-07-12 10:51:24.221 [main] INFO  o.s.w.s.m.m.a.RequestMappingHandlerMapping - Mapped "{[/sayhello]}" onto public java.lang.String com.example.api.RestTemplateApi.sayHello()
2020-07-12 10:51:24.221 [main] INFO  o.s.w.s.m.m.a.RequestMappingHandlerMapping - Mapped "{[/testRestTemplate]}" onto public java.lang.Object com.example.api.RestTemplateApi.testRestTemplate() throws java.io.IOException
2020-07-12 10:51:24.221 [main] INFO  o.s.w.s.m.m.a.RequestMappingHandlerMapping - Mapped "{[/sayhello2]}" onto public java.lang.String com.example.api.RestTemplateApi.sayHello2()
2020-07-12 10:51:24.222 [main] INFO  o.s.w.s.m.m.a.RequestMappingHandlerMapping - Mapped "{[/getUser],methods=[POST]}" onto public java.lang.String com.example.api.RiskValidateApi.getUserStr(com.example.vo.RiskRequestVo,org.springframework.validation.BindingResult)
2020-07-12 10:51:24.223 [main] INFO  o.s.w.s.m.m.a.RequestMappingHandlerMapping - Mapped "{[/getUser],methods=[GET]}" onto public java.lang.String com.example.api.RiskValidateApi.getUserStr(java.lang.String,int)
2020-07-12 10:51:24.223 [main] INFO  o.s.w.s.m.m.a.RequestMappingHandlerMapping - Mapped "{[/getUserTest],methods=[GET]}" onto public java.lang.String com.example.api.RiskValidateApi.getUserTest(java.lang.String,int)
2020-07-12 10:51:24.223 [main] INFO  o.s.w.s.m.m.a.RequestMappingHandlerMapping - Mapped "{[/setUserTest],methods=[POST]}" onto public java.lang.String com.example.api.RiskValidateApi.setUserTest(com.example.vo.RiskRequestVo)
2020-07-12 10:51:24.223 [main] INFO  o.s.w.s.m.m.a.RequestMappingHandlerMapping - Mapped "{[/setUser],methods=[POST]}" onto public java.lang.String com.example.api.RiskValidateApi.setUser(com.example.vo.RiskRequestVo,org.springframework.validation.BindingResult)
2020-07-12 10:51:24.224 [main] INFO  o.s.w.s.m.m.a.RequestMappingHandlerMapping - Mapped "{[/test/update],methods=[GET]}" onto public java.lang.String com.example.api.TestAPi.update()
2020-07-12 10:51:24.224 [main] INFO  o.s.w.s.m.m.a.RequestMappingHandlerMapping - Mapped "{[/test/delete/{id}],methods=[GET]}" onto public java.lang.String com.example.api.TestAPi.delete(java.lang.String)
2020-07-12 10:51:24.224 [main] INFO  o.s.w.s.m.m.a.RequestMappingHandlerMapping - Mapped "{[/test/insert],methods=[GET]}" onto public java.lang.String com.example.api.TestAPi.insert()
2020-07-12 10:51:24.224 [main] INFO  o.s.w.s.m.m.a.RequestMappingHandlerMapping - Mapped "{[/test/test],methods=[POST]}" onto public com.example.vo.AjaxResult com.example.api.TestAPi.test(com.example.vo.RiskRequestVo,javax.servlet.http.HttpServletRequest)
2020-07-12 10:51:24.225 [main] INFO  o.s.w.s.m.m.a.RequestMappingHandlerMapping - Mapped "{[/test/insertTwoDiff],methods=[GET]}" onto public java.lang.String com.example.api.TestAPi.insertTwoDiff()
2020-07-12 10:51:24.225 [main] INFO  o.s.w.s.m.m.a.RequestMappingHandlerMapping - Mapped "{[/test/queryUser],methods=[GET]}" onto public com.example.pojo.Users com.example.api.TestAPi.queryUser()
2020-07-12 10:51:24.225 [main] INFO  o.s.w.s.m.m.a.RequestMappingHandlerMapping - Mapped "{[/test/hello],methods=[GET]}" onto public java.lang.String com.example.api.TestAPi.say()
2020-07-12 10:51:24.226 [main] INFO  o.s.w.s.m.m.a.RequestMappingHandlerMapping - Mapped "{[/error]}" onto public org.springframework.http.ResponseEntity<java.util.Map<java.lang.String, java.lang.Object>> org.springframework.boot.autoconfigure.web.BasicErrorController.error(javax.servlet.http.HttpServletRequest)
2020-07-12 10:51:24.226 [main] INFO  o.s.w.s.m.m.a.RequestMappingHandlerMapping - Mapped "{[/error],produces=[text/html]}" onto public org.springframework.web.servlet.ModelAndView org.springframework.boot.autoconfigure.web.BasicErrorController.errorHtml(javax.servlet.http.HttpServletRequest,javax.servlet.http.HttpServletResponse)
2020-07-12 10:51:24.253 [main] INFO  o.s.web.servlet.handler.SimpleUrlHandlerMapping - Mapped URL path [/webjars/**] onto handler of type [class org.springframework.web.servlet.resource.ResourceHttpRequestHandler]
2020-07-12 10:51:24.253 [main] INFO  o.s.web.servlet.handler.SimpleUrlHandlerMapping - Mapped URL path [/**] onto handler of type [class org.springframework.web.servlet.resource.ResourceHttpRequestHandler]
2020-07-12 10:51:24.268 [main] INFO  o.s.w.s.m.m.a.ExceptionHandlerExceptionResolver - Detected @ExceptionHandler methods in globalExceptionHandler
2020-07-12 10:51:24.289 [main] INFO  o.s.web.servlet.handler.SimpleUrlHandlerMapping - Mapped URL path [/**/favicon.ico] onto handler of type [class org.springframework.web.servlet.resource.ResourceHttpRequestHandler]
2020-07-12 10:51:24.340 [main] WARN  o.s.b.a.t.AbstractTemplateResolverConfiguration - Cannot find template location: classpath:/templates/ (please add some templates or check your Thymeleaf configuration)
2020-07-12 10:51:24.654 [main] INFO  o.s.ui.freemarker.SpringTemplateLoader - SpringTemplateLoader for FreeMarker: using resource loader [org.springframework.boot.context.embedded.AnnotationConfigEmbeddedWebApplicationContext@2e1ef60: startup date [Sun Jul 12 10:51:16 GMT+08:00 2020]; root of context hierarchy] and template loader path [classpath:/templates/]
2020-07-12 10:51:24.654 [main] INFO  o.s.w.servlet.view.freemarker.FreeMarkerConfigurer - ClassTemplateLoader for Spring macros added to FreeMarker configuration
2020-07-12 10:51:24.673 [main] WARN  o.s.b.a.freemarker.FreeMarkerAutoConfiguration - Cannot find template location(s): [classpath:/templates/] (please add some templates, check your FreeMarker configuration, or set spring.freemarker.checkTemplateLocation=false)
2020-07-12 10:51:24.896 [main] INFO  o.s.jmx.export.annotation.AnnotationMBeanExporter - Registering beans for JMX exposure on startup
2020-07-12 10:51:24.908 [main] INFO  org.apache.coyote.http11.Http11NioProtocol - Initializing ProtocolHandler ["http-nio-15021"]
2020-07-12 10:51:24.916 [main] INFO  org.apache.coyote.http11.Http11NioProtocol - Starting ProtocolHandler ["http-nio-15021"]
2020-07-12 10:51:24.926 [main] INFO  org.apache.tomcat.util.net.NioSelectorPool - Using a shared selector for servlet write/read
2020-07-12 10:51:24.942 [main] INFO  o.s.b.c.e.tomcat.TomcatEmbeddedServletContainer - Tomcat started on port(s): 15021 (http)
2020-07-12 10:51:24.946 [main] INFO  com.example.JpaApplication - Started JpaApplication in 8.781 seconds (JVM running for 11.25)
